<?xml version="1.0" encoding="UTF-8"?>
<!-- Generated by org.testng.reporters.JUnitReportReporter -->
<testsuite hostname="XE3141027W1" failures="0" tests="1" name="com.herokuapp.theinternet.PositiveTests" time="16.581" errors="0" timestamp="2023-06-20T13:46:14 CEST" skipped="0">
  <testcase classname="com.herokuapp.theinternet.PositiveTests" name="loginTest" time="16.581"/>
</testsuite> <!-- com.herokuapp.theinternet.PositiveTests -->
